<?xml version="1.0" encoding="UTF-8"?>
<!-- Generated by org.testng.reporters.JUnitReportReporter -->
<testsuite hostname="DSK-920" failures="0" tests="5" name="com.selenium.test.InputFormTest" time="8.180" errors="0" timestamp="2021-08-05T11:37:22 IST" skipped="0">
  <testcase classname="com.selenium.test.InputFormTest" name="TC001_testSimpleInputForm" time="1.209"/>
  <system-out/>
  <testcase classname="com.selenium.test.InputFormTest" name="TC002_testCheckboxDemo" time="0.481"/>
  <system-out/>
  <testcase classname="com.selenium.test.InputFormTest" name="TC003_testRadioButtonDemo" time="0.566"/>
  <system-out/>
  <testcase classname="com.selenium.test.InputFormTest" name="TC004_testJquerySelectDropdown" time="1.504"/>
  <system-out/>
  <testcase classname="com.selenium.test.InputFormTest" name="TC005_testInputFormSubmit" time="4.420"/>
  <system-out/>
</testsuite> <!-- com.selenium.test.InputFormTest -->
